Determining if the pthread_create exist failed with the following output:
Change Dir: /media/psf/Home/svn/PhD/Autosea/sbmpc_catkin_ws/build/CMakeFiles/CMakeTmp

Run Build Command:/usr/bin/make "cmTryCompileExec166900447/fast"
/usr/bin/make -f CMakeFiles/cmTryCompileExec166900447.dir/build.make CMakeFiles/cmTryCompileExec166900447.dir/build
make[1]: Entering directory `/media/psf/Home/svn/PhD/Autosea/sbmpc_catkin_ws/build/CMakeFiles/CMakeTmp'
/usr/bin/cmake -E cmake_progress_report /media/psf/Home/svn/PhD/Autosea/sbmpc_catkin_ws/build/CMakeFiles/CMakeTmp/CMakeFiles 1
Building C object CMakeFiles/cmTryCompileExec166900447.dir/CheckSymbolExists.c.o
/usr/bin/cc    -o CMakeFiles/cmTryCompileExec166900447.dir/CheckSymbolExists.c.o   -c /media/psf/Home/svn/PhD/Autosea/sbmpc_catkin_ws/build/CMakeFiles/CMakeTmp/CheckSymbolExists.c
Linking C executable cmTryCompileExec166900447
/usr/bin/cmake -E cmake_link_script CMakeFiles/cmTryCompileExec166900447.dir/link.txt --verbose=1
/usr/bin/cc       CMakeFiles/cmTryCompileExec166900447.dir/CheckSymbolExists.c.o  -o cmTryCompileExec166900447 -rdynamic 
CMakeFiles/cmTryCompileExec166900447.dir/CheckSymbolExists.c.o: In function `main':
CheckSymbolExists.c:(.text+0x16): undefined reference to `pthread_create'
collect2: error: ld returned 1 exit status
make[1]: *** [cmTryCompileExec166900447] Error 1
make[1]: Leaving directory `/media/psf/Home/svn/PhD/Autosea/sbmpc_catkin_ws/build/CMakeFiles/CMakeTmp'
make: *** [cmTryCompileExec166900447/fast] Error 2

File /media/psf/Home/svn/PhD/Autosea/sbmpc_catkin_ws/build/CMakeFiles/CMakeTmp/CheckSymbolExists.c:
/* */
#include <pthread.h>

int main(int argc, char** argv)
{
  (void)argv;
#ifndef pthread_create
  return ((int*)(&pthread_create))[argc];
#else
  (void)argc;
  return 0;
#endif
}

Determining if the function pthread_create exists in the pthreads failed with the following output:
Change Dir: /media/psf/Home/svn/PhD/Autosea/sbmpc_catkin_ws/build/CMakeFiles/CMakeTmp

Run Build Command:/usr/bin/make "cmTryCompileExec2525364424/fast"
/usr/bin/make -f CMakeFiles/cmTryCompileExec2525364424.dir/build.make CMakeFiles/cmTryCompileExec2525364424.dir/build
make[1]: Entering directory `/media/psf/Home/svn/PhD/Autosea/sbmpc_catkin_ws/build/CMakeFiles/CMakeTmp'
/usr/bin/cmake -E cmake_progress_report /media/psf/Home/svn/PhD/Autosea/sbmpc_catkin_ws/build/CMakeFiles/CMakeTmp/CMakeFiles 1
Building C object CMakeFiles/cmTryCompileExec2525364424.dir/CheckFunctionExists.c.o
/usr/bin/cc   -DCHECK_FUNCTION_EXISTS=pthread_create   -o CMakeFiles/cmTryCompileExec2525364424.dir/CheckFunctionExists.c.o   -c /usr/share/cmake-2.8/Modules/CheckFunctionExists.c
Linking C executable cmTryCompileExec2525364424
/usr/bin/cmake -E cmake_link_script CMakeFiles/cmTryCompileExec2525364424.dir/link.txt --verbose=1
/usr/bin/cc   -DCHECK_FUNCTION_EXISTS=pthread_create    CMakeFiles/cmTryCompileExec2525364424.dir/CheckFunctionExists.c.o  -o cmTryCompileExec2525364424 -rdynamic -lpthreads 
/usr/bin/ld: cannot find -lpthreads
collect2: error: ld returned 1 exit status
make[1]: Leaving directory `/media/psf/Home/svn/PhD/Autosea/sbmpc_catkin_ws/build/CMakeFiles/CMakeTmp'
make[1]: *** [cmTryCompileExec2525364424] Error 1
make: *** [cmTryCompileExec2525364424/fast] Error 2


