-- Found ament_cmake: 0.9.8 (/opt/ros/foxy/share/ament_cmake/cmake)
-- Using PYTHON_EXECUTABLE: /usr/bin/python3
-- Found rclcpp: 2.3.0 (/opt/ros/foxy/share/rclcpp/cmake)
-- Using all available rosidl_typesupport_c: rosidl_typesupport_fastrtps_c;rosidl_typesupport_introspection_c
-- Found rosidl_adapter: 1.2.0 (/opt/ros/foxy/share/rosidl_adapter/cmake)
-- Using all available rosidl_typesupport_cpp: rosidl_typesupport_fastrtps_cpp;rosidl_typesupport_introspection_cpp
-- Found rmw_implementation_cmake: 1.0.2 (/opt/ros/foxy/share/rmw_implementation_cmake/cmake)
-- Using RMW implementation 'rmw_fastrtps_cpp' as default
-- Found psbmpc_interfaces: 0.0.0 (/home/trymte/Desktop/thecolavrepo/dev_ws/install/psbmpc_interfaces/share/psbmpc_interfaces/cmake)
-- Found ament_lint_auto: 0.9.6 (/opt/ros/foxy/share/ament_lint_auto/cmake)
-- Added test 'copyright' to check source files copyright and LICENSE
-- Added test 'cppcheck' to perform static code analysis on C / C++ code
-- Configured cppcheck include dirs: $<BUILD_INTERFACE:/home/trymte/Desktop/thecolavrepo/dev_ws/src/psbmpc_package/include>;/home/trymte/Desktop/thecolavrepo/dev_ws/src/psbmpc_package/libs/
-- Configured cppcheck exclude dirs and/or files: 
-- Added test 'cpplint' to check C / C++ code against the Google style
-- Configured cpplint exclude dirs and/or files: 
-- Added test 'lint_cmake' to check CMake code style
-- Added test 'uncrustify' to check C / C++ code style
-- Configured uncrustify additional arguments: 
-- Added test 'xmllint' to check XML markup files
-- Configuring done
-- Generating done
-- Build files have been written to: /home/trymte/Desktop/thecolavrepo/dev_ws/build/psbmpc_package
[35m[1mScanning dependencies of target psbmpc_lib[0m
[  5%] [32mBuilding CXX object libs/psbmpc_lib/CMakeFiles/psbmpc_lib.dir/src/cpu/psbmpc_cpu.cpp.o[0m
[ 10%] [32mBuilding CXX object libs/psbmpc_lib/CMakeFiles/psbmpc_lib.dir/src/cpu/cpe_cpu.cpp.o[0m
[ 15%] [32mBuilding CXX object libs/psbmpc_lib/CMakeFiles/psbmpc_lib.dir/src/cpu/kinetic_ship_models_cpu.cpp.o[0m
[ 21%] [32mBuilding CXX object libs/psbmpc_lib/CMakeFiles/psbmpc_lib.dir/src/cpu/kinematic_ship_models_cpu.cpp.o[0m
[ 26%] [32mBuilding CXX object libs/psbmpc_lib/CMakeFiles/psbmpc_lib.dir/src/cpu/obstacle_sbmpc_cpu.cpp.o[0m
[ 31%] [32mBuilding CXX object libs/psbmpc_lib/CMakeFiles/psbmpc_lib.dir/src/cpu/prediction_obstacle_cpu.cpp.o[0m
[ 36%] [32mBuilding CXX object libs/psbmpc_lib/CMakeFiles/psbmpc_lib.dir/src/psbmpc_parameters.cpp.o[0m
[ 42%] [32mBuilding CXX object libs/psbmpc_lib/CMakeFiles/psbmpc_lib.dir/src/sbmpc_parameters.cpp.o[0m
[ 47%] [32mBuilding CXX object libs/psbmpc_lib/CMakeFiles/psbmpc_lib.dir/src/sbmpc.cpp.o[0m
[ 52%] [32mBuilding CXX object libs/psbmpc_lib/CMakeFiles/psbmpc_lib.dir/src/joint_prediction_manager.cpp.o[0m
[ 57%] [32mBuilding CXX object libs/psbmpc_lib/CMakeFiles/psbmpc_lib.dir/src/obstacle_manager.cpp.o[0m
[ 63%] [32mBuilding CXX object libs/psbmpc_lib/CMakeFiles/psbmpc_lib.dir/src/tracked_obstacle.cpp.o[0m
[ 68%] [32mBuilding CXX object libs/psbmpc_lib/CMakeFiles/psbmpc_lib.dir/src/kf.cpp.o[0m
[ 73%] [32mBuilding CXX object libs/psbmpc_lib/CMakeFiles/psbmpc_lib.dir/src/shapefile_related/shpopen.cpp.o[0m
[ 78%] [32mBuilding CXX object libs/psbmpc_lib/CMakeFiles/psbmpc_lib.dir/src/mrou.cpp.o[0m
[ 84%] [32mBuilding CXX object libs/psbmpc_lib/CMakeFiles/psbmpc_lib.dir/src/shapefile_related/safileio.cpp.o[0m
[01m[K/home/trymte/Desktop/thecolavrepo/dev_ws/src/psbmpc_package/libs/psbmpc_lib/src/shapefile_related/safileio.cpp:77:70:[m[K [01;35m[Kwarning: [m[Kextra â€˜[01m[K;[m[Kâ€™ [[01;35m[K-Wpedantic[m[K]
   77 | SHP_CVSID("$Id: safileio.c,v 1.6 2018-06-15 19:56:32 erouault Exp $")[01;35m[K;[m[K
      |                                                                      [01;35m[K^[m[K
In file included from [01m[K/home/trymte/Desktop/thecolavrepo/dev_ws/src/psbmpc_package/libs/psbmpc_lib/include/cpu/mpc_cost_cpu.h:29[m[K,
                 from [01m[K/home/trymte/Desktop/thecolavrepo/dev_ws/src/psbmpc_package/libs/psbmpc_lib/include/cpu/obstacle_sbmpc_cpu.h:27[m[K,
                 from [01m[K/home/trymte/Desktop/thecolavrepo/dev_ws/src/psbmpc_package/libs/psbmpc_lib/include/cpu/psbmpc_cpu.h:26[m[K,
                 from [01m[K/home/trymte/Desktop/thecolavrepo/dev_ws/src/psbmpc_package/libs/psbmpc_lib/src/cpu/psbmpc_cpu.cpp:21[m[K:
[01m[K/home/trymte/Desktop/thecolavrepo/dev_ws/src/psbmpc_package/libs/psbmpc_lib/src/cpu/psbmpc_cpu.cpp:[m[K In member function â€˜[01m[Kvoid PSBMPC_LIB::CPU::PSBMPC::calculate_optimal_offsets(double&, double&, Eigen::Matrix<double, 2, -1>&, double, double, const Eigen::Matrix<double, 2, -1>&, const VectorXd&, const std::vector<boost::geometry::model::polygon<boost::geometry::model::d2::point_xy<double> > >&, PSBMPC_LIB::Obstacle_Data<PSBMPC_LIB::Tracked_Obstacle>&)[m[Kâ€™:
[01m[K/home/trymte/Desktop/thecolavrepo/dev_ws/src/psbmpc_package/libs/psbmpc_lib/src/cpu/psbmpc_cpu.cpp:332:34:[m[K [01;35m[Kwarning: [m[Kunused variable â€˜[01m[Kpoly[m[Kâ€™ [[01;35m[K-Wunused-variable[m[K]
  332 |  BOOST_FOREACH(polygon_2D const& [01;35m[Kpoly[m[K, polygons)
      |                                  [01;35m[K^~~~[m[K
[01m[K/home/trymte/Desktop/thecolavrepo/dev_ws/src/psbmpc_package/libs/psbmpc_lib/src/cpu/psbmpc_cpu.cpp:[m[K In member function â€˜[01m[Kvoid PSBMPC_LIB::CPU::PSBMPC::predict_trajectories_jointly(PSBMPC_LIB::Obstacle_Data<PSBMPC_LIB::Tracked_Obstacle>&, const std::vector<boost::geometry::model::polygon<boost::geometry::model::d2::point_xy<double> > >&, int, bool)[m[Kâ€™:
[01m[K/home/trymte/Desktop/thecolavrepo/dev_ws/src/psbmpc_package/libs/psbmpc_lib/src/cpu/psbmpc_cpu.cpp:1441:33:[m[K [01;35m[Kwarning: [m[Kunused parameter â€˜[01m[Kpolygons[m[Kâ€™ [[01;35m[K-Wunused-parameter[m[K]
 1441 |  [01;35m[Kconst std::vector<polygon_2D> &polygons[m[K,     // In: Static obstacles parametrized as polygons
      |  [01;35m[K~~~~~~~~~~~~~~~~~~~~~~~~~~~~~~~^~~~~~~~[m[K
[01m[K/home/trymte/Desktop/thecolavrepo/dev_ws/src/psbmpc_package/libs/psbmpc_lib/src/cpu/psbmpc_cpu.cpp:1442:12:[m[K [01;35m[Kwarning: [m[Kunused parameter â€˜[01m[Kn_static_obst[m[Kâ€™ [[01;35m[K-Wunused-parameter[m[K]
 1442 |  [01;35m[Kconst int n_static_obst[m[K,         // In: Number of polygons/static obstacles
      |  [01;35m[K~~~~~~~~~~^~~~~~~~~~~~~[m[K
[ 89%] [32m[1mLinking CXX static library libpsbmpc_lib.a[0m
[ 89%] Built target psbmpc_lib
[35m[1mScanning dependencies of target psbmpc_node[0m
[ 94%] [32mBuilding CXX object CMakeFiles/psbmpc_node.dir/src/psbmpc_node.cpp.o[0m
In file included from [01m[K/home/trymte/Desktop/thecolavrepo/dev_ws/src/psbmpc_package/src/psbmpc_node.cpp:21[m[K:
[01m[K/home/trymte/Desktop/thecolavrepo/dev_ws/src/psbmpc_package/include/psbmpc_node.h:24:10:[m[K [01;31m[Kfatal error: [m[Kpsbmpc_interfaces/Trajectory2D.hpp: No such file or directory
   24 | #include [01;31m[K"psbmpc_interfaces/Trajectory2D.hpp"[m[K
      |          [01;31m[K^~~~~~~~~~~~~~~~~~~~~~~~~~~~~~~~~~~~[m[K
compilation terminated.
make[2]: *** [CMakeFiles/psbmpc_node.dir/build.make:82: CMakeFiles/psbmpc_node.dir/src/psbmpc_node.cpp.o] Error 1
make[1]: *** [CMakeFiles/Makefile2:117: CMakeFiles/psbmpc_node.dir/all] Error 2
make: *** [Makefile:160: all] Error 2
