[0.010s] Invoking command in '/home/trymte/Desktop/thecolavrepo/dev_ws/build/psbmpc_package': CMAKE_PREFIX_PATH=${CMAKE_PREFIX_PATH}:/opt/ros/foxy /usr/local/bin/cmake --build /home/trymte/Desktop/thecolavrepo/dev_ws/build/psbmpc_package -- -j20 -l20
[0.020s] -- Found ament_cmake: 0.9.8 (/opt/ros/foxy/share/ament_cmake/cmake)
[0.034s] -- Using PYTHON_EXECUTABLE: /usr/bin/python3
[0.151s] -- Found rclcpp: 2.3.0 (/opt/ros/foxy/share/rclcpp/cmake)
[0.170s] -- Using all available rosidl_typesupport_c: rosidl_typesupport_fastrtps_c;rosidl_typesupport_introspection_c
[0.172s] -- Found rosidl_adapter: 1.2.0 (/opt/ros/foxy/share/rosidl_adapter/cmake)
[0.237s] -- Using all available rosidl_typesupport_cpp: rosidl_typesupport_fastrtps_cpp;rosidl_typesupport_introspection_cpp
[0.263s] -- Found rmw_implementation_cmake: 1.0.2 (/opt/ros/foxy/share/rmw_implementation_cmake/cmake)
[0.264s] -- Using RMW implementation 'rmw_fastrtps_cpp' as default
[0.338s] -- Found psbmpc_interfaces: 0.0.0 (/home/trymte/Desktop/thecolavrepo/dev_ws/install/psbmpc_interfaces/share/psbmpc_interfaces/cmake)
[0.396s] -- Found ament_lint_auto: 0.9.6 (/opt/ros/foxy/share/ament_lint_auto/cmake)
[0.435s] -- Added test 'copyright' to check source files copyright and LICENSE
[0.442s] -- Added test 'cppcheck' to perform static code analysis on C / C++ code
[0.442s] -- Configured cppcheck include dirs: /home/trymte/Desktop/thecolavrepo/dev_ws/src/psbmpc_package/$<BUILD_INTERFACE:/home/trymte/Desktop/thecolavrepo/dev_ws/src/psbmpc_package/include;/home/trymte/Desktop/thecolavrepo/dev_ws/src/psbmpc_package/libs>
[0.442s] -- Configured cppcheck exclude dirs and/or files: 
[0.449s] -- Added test 'cpplint' to check C / C++ code against the Google style
[0.449s] -- Configured cpplint exclude dirs and/or files: 
[0.451s] -- Added test 'lint_cmake' to check CMake code style
[0.459s] -- Added test 'uncrustify' to check C / C++ code style
[0.459s] -- Configured uncrustify additional arguments: 
[0.460s] -- Added test 'xmllint' to check XML markup files
[0.460s] -- Configuring done
[0.470s] -- Generating done
[0.471s] -- Build files have been written to: /home/trymte/Desktop/thecolavrepo/dev_ws/build/psbmpc_package
[0.485s] [35m[1mScanning dependencies of target psbmpc_lib[0m
[0.496s] [  5%] [32mBuilding CXX object libs/psbmpc_lib/CMakeFiles/psbmpc_lib.dir/src/cpu/psbmpc_cpu.cpp.o[0m
[0.497s] [ 10%] [32mBuilding CXX object libs/psbmpc_lib/CMakeFiles/psbmpc_lib.dir/src/cpu/cpe_cpu.cpp.o[0m
[0.497s] [ 15%] [32mBuilding CXX object libs/psbmpc_lib/CMakeFiles/psbmpc_lib.dir/src/cpu/kinetic_ship_models_cpu.cpp.o[0m
[0.497s] [ 21%] [32mBuilding CXX object libs/psbmpc_lib/CMakeFiles/psbmpc_lib.dir/src/cpu/kinematic_ship_models_cpu.cpp.o[0m
[0.497s] [ 26%] [32mBuilding CXX object libs/psbmpc_lib/CMakeFiles/psbmpc_lib.dir/src/cpu/obstacle_sbmpc_cpu.cpp.o[0m
[0.497s] [ 31%] [32mBuilding CXX object libs/psbmpc_lib/CMakeFiles/psbmpc_lib.dir/src/cpu/prediction_obstacle_cpu.cpp.o[0m
[0.497s] [ 36%] [32mBuilding CXX object libs/psbmpc_lib/CMakeFiles/psbmpc_lib.dir/src/psbmpc_parameters.cpp.o[0m
[0.498s] [ 42%] [32mBuilding CXX object libs/psbmpc_lib/CMakeFiles/psbmpc_lib.dir/src/sbmpc.cpp.o[0m
[0.498s] [ 47%] [32mBuilding CXX object libs/psbmpc_lib/CMakeFiles/psbmpc_lib.dir/src/sbmpc_parameters.cpp.o[0m
[0.499s] [ 52%] [32mBuilding CXX object libs/psbmpc_lib/CMakeFiles/psbmpc_lib.dir/src/joint_prediction_manager.cpp.o[0m
[0.499s] [ 57%] [32mBuilding CXX object libs/psbmpc_lib/CMakeFiles/psbmpc_lib.dir/src/obstacle_manager.cpp.o[0m
[0.499s] [ 63%] [32mBuilding CXX object libs/psbmpc_lib/CMakeFiles/psbmpc_lib.dir/src/kf.cpp.o[0m
[0.499s] [ 68%] [32mBuilding CXX object libs/psbmpc_lib/CMakeFiles/psbmpc_lib.dir/src/tracked_obstacle.cpp.o[0m
[0.500s] [ 78%] [32mBuilding CXX object libs/psbmpc_lib/CMakeFiles/psbmpc_lib.dir/src/mrou.cpp.o[0m
[0.500s] [ 78%] [32mBuilding CXX object libs/psbmpc_lib/CMakeFiles/psbmpc_lib.dir/src/shapefile_related/safileio.cpp.o[0m
[0.500s] [ 84%] [32mBuilding CXX object libs/psbmpc_lib/CMakeFiles/psbmpc_lib.dir/src/shapefile_related/shpopen.cpp.o[0m
[0.502s] In file included from [01m[K/home/trymte/Desktop/thecolavrepo/dev_ws/src/psbmpc_package/libs/psbmpc_lib/src/cpu/psbmpc_cpu.cpp:20[m[K:
[0.502s] [01m[K/home/trymte/Desktop/thecolavrepo/dev_ws/src/psbmpc_package/libs/psbmpc_lib/include/cpu/utilities_cpu.h:25:10:[m[K [01;31m[Kfatal error: [m[KEigen/Dense: No such file or directory
[0.502s]    25 | #include [01;31m[K"Eigen/Dense"[m[K
[0.502s]       |          [01;31m[K^~~~~~~~~~~~~[m[K
[0.503s] compilation terminated.
[0.503s] In file included from [01m[K/home/trymte/Desktop/thecolavrepo/dev_ws/src/psbmpc_package/libs/psbmpc_lib/include/cpu/cpe_cpu.h:26[m[K,
[0.503s]                  from [01m[K/home/trymte/Desktop/thecolavrepo/dev_ws/src/psbmpc_package/libs/psbmpc_lib/src/cpu/cpe_cpu.cpp:21[m[K:
[0.503s] [01m[K/home/trymte/Desktop/thecolavrepo/dev_ws/src/psbmpc_package/libs/psbmpc_lib/include/psbmpc_parameters.h:24:10:[m[K [01;31m[Kfatal error: [m[KEigen/Dense: No such file or directory
[0.503s]    24 | #include [01;31m[K"Eigen/Dense"[m[K
[0.503s]       |          [01;31m[K^~~~~~~~~~~~~[m[K
[0.503s] compilation terminated.
[0.503s] In file included from [01m[K/home/trymte/Desktop/thecolavrepo/dev_ws/src/psbmpc_package/libs/psbmpc_lib/src/cpu/obstacle_sbmpc_cpu.cpp:21[m[K:
[0.503s] [01m[K/home/trymte/Desktop/thecolavrepo/dev_ws/src/psbmpc_package/libs/psbmpc_lib/include/cpu/utilities_cpu.h:25:10:[m[K [01;31m[Kfatal error: [m[KEigen/Dense: No such file or directory
[0.504s]    25 | #include [01;31m[K"Eigen/Dense"[m[K
[0.504s]       |          [01;31m[K^~~~~~~~~~~~~[m[K
[0.504s] compilation terminated.
[0.504s] In file included from [01m[K/home/trymte/Desktop/thecolavrepo/dev_ws/src/psbmpc_package/libs/psbmpc_lib/src/cpu/kinetic_ship_models_cpu.cpp:22[m[K:
[0.504s] [01m[K/home/trymte/Desktop/thecolavrepo/dev_ws/src/psbmpc_package/libs/psbmpc_lib/include/cpu/utilities_cpu.h:25:10:[m[K [01;31m[Kfatal error: [m[KEigen/Dense: No such file or directory
[0.504s]    25 | #include [01;31m[K"Eigen/Dense"[m[K
[0.504s]       |          [01;31m[K^~~~~~~~~~~~~[m[K
[0.504s] compilation terminated.
[0.504s] In file included from [01m[K/home/trymte/Desktop/thecolavrepo/dev_ws/src/psbmpc_package/libs/psbmpc_lib/src/sbmpc.cpp:20[m[K:
[0.504s] [01m[K/home/trymte/Desktop/thecolavrepo/dev_ws/src/psbmpc_package/libs/psbmpc_lib/include/cpu/utilities_cpu.h:25:10:[m[K [01;31m[Kfatal error: [m[KEigen/Dense: No such file or directory
[0.505s]    25 | #include [01;31m[K"Eigen/Dense"[m[K
[0.505s]       |          [01;31m[K^~~~~~~~~~~~~[m[K
[0.505s] compilation terminated.
[0.505s] make[2]: *** [libs/psbmpc_lib/CMakeFiles/psbmpc_lib.dir/build.make:82: libs/psbmpc_lib/CMakeFiles/psbmpc_lib.dir/src/cpu/psbmpc_cpu.cpp.o] Error 1
[0.505s] make[2]: *** Waiting for unfinished jobs....
[0.505s] make[2]: *** [libs/psbmpc_lib/CMakeFiles/psbmpc_lib.dir/build.make:95: libs/psbmpc_lib/CMakeFiles/psbmpc_lib.dir/src/cpu/cpe_cpu.cpp.o] Error 1
[0.505s] make[2]: *** [libs/psbmpc_lib/CMakeFiles/psbmpc_lib.dir/build.make:134: libs/psbmpc_lib/CMakeFiles/psbmpc_lib.dir/src/cpu/obstacle_sbmpc_cpu.cpp.o] Error 1
[0.505s] In file included from [01m[K/home/trymte/Desktop/thecolavrepo/dev_ws/src/psbmpc_package/libs/psbmpc_lib/src/cpu/kinematic_ship_models_cpu.cpp:21[m[K:
[0.505s] [01m[K/home/trymte/Desktop/thecolavrepo/dev_ws/src/psbmpc_package/libs/psbmpc_lib/include/cpu/utilities_cpu.h:25:10:[m[K [01;31m[Kfatal error: [m[KEigen/Dense: No such file or directory
[0.505s]    25 | #include [01;31m[K"Eigen/Dense"[m[K
[0.506s]       |          [01;31m[K^~~~~~~~~~~~~[m[K
[0.506s] compilation terminated.
[0.506s] In file included from [01m[K/home/trymte/Desktop/thecolavrepo/dev_ws/src/psbmpc_package/libs/psbmpc_lib/include/sbmpc_parameters.h:23[m[K,
[0.506s]                  from [01m[K/home/trymte/Desktop/thecolavrepo/dev_ws/src/psbmpc_package/libs/psbmpc_lib/src/sbmpc_parameters.cpp:22[m[K:
[0.506s] [01m[K/home/trymte/Desktop/thecolavrepo/dev_ws/src/psbmpc_package/libs/psbmpc_lib/include/psbmpc_parameters.h:24:10:[m[K [01;31m[Kfatal error: [m[KEigen/Dense: No such file or directory
[0.506s]    24 | #include [01;31m[K"Eigen/Dense"[m[K
[0.506s]       |          [01;31m[K^~~~~~~~~~~~~[m[K
[0.506s] compilation terminated.
[0.506s] In file included from [01m[K/home/trymte/Desktop/thecolavrepo/dev_ws/src/psbmpc_package/libs/psbmpc_lib/src/psbmpc_parameters.cpp:21[m[K:
[0.506s] [01m[K/home/trymte/Desktop/thecolavrepo/dev_ws/src/psbmpc_package/libs/psbmpc_lib/include/psbmpc_parameters.h:24:10:[m[K [01;31m[Kfatal error: [m[KEigen/Dense: No such file or directory
[0.506s]    24 | #include [01;31m[K"Eigen/Dense"[m[K
[0.506s]       |          [01;31m[K^~~~~~~~~~~~~[m[K
[0.506s] In file included from [01m[K/home/trymte/Desktop/thecolavrepo/dev_ws/src/psbmpc_package/libs/psbmpc_lib/include/tracked_obstacle.h:24[m[K,
[0.507s]                  from [01m[K/home/trymte/Desktop/thecolavrepo/dev_ws/src/psbmpc_package/libs/psbmpc_lib/include/cpu/prediction_obstacle_cpu.h:24[m[K,
[0.507s]                  from [01m[K/home/trymte/Desktop/thecolavrepo/dev_ws/src/psbmpc_package/libs/psbmpc_lib/src/cpu/prediction_obstacle_cpu.cpp:23[m[K:
[0.507s] [01m[K/home/trymte/Desktop/thecolavrepo/dev_ws/src/psbmpc_package/libs/psbmpc_lib/include/cpu/utilities_cpu.h:25:10:[m[K [01;31m[Kfatal error: [m[KEigen/Dense: No such file or directory
[0.507s]    25 | #include [01;31m[K"Eigen/Dense"[m[K
[0.507s]       |          [01;31m[K^~~~~~~~~~~~~[m[K
[0.507s] compilation terminated.
[0.507s] compilation terminated.
[0.507s] make[2]: *** [libs/psbmpc_lib/CMakeFiles/psbmpc_lib.dir/build.make:108: libs/psbmpc_lib/CMakeFiles/psbmpc_lib.dir/src/cpu/kinetic_ship_models_cpu.cpp.o] Error 1
[0.507s] make[2]: *** [libs/psbmpc_lib/CMakeFiles/psbmpc_lib.dir/build.make:121: libs/psbmpc_lib/CMakeFiles/psbmpc_lib.dir/src/cpu/kinematic_ship_models_cpu.cpp.o] Error 1
[0.507s] make[2]: *** [libs/psbmpc_lib/CMakeFiles/psbmpc_lib.dir/build.make:173: libs/psbmpc_lib/CMakeFiles/psbmpc_lib.dir/src/sbmpc_parameters.cpp.o] Error 1
[0.507s] make[2]: *** [libs/psbmpc_lib/CMakeFiles/psbmpc_lib.dir/build.make:147: libs/psbmpc_lib/CMakeFiles/psbmpc_lib.dir/src/cpu/prediction_obstacle_cpu.cpp.o] Error 1
[0.507s] make[2]: *** [libs/psbmpc_lib/CMakeFiles/psbmpc_lib.dir/build.make:160: libs/psbmpc_lib/CMakeFiles/psbmpc_lib.dir/src/psbmpc_parameters.cpp.o] Error 1
[0.507s] In file included from [01m[K/home/trymte/Desktop/thecolavrepo/dev_ws/src/psbmpc_package/libs/psbmpc_lib/include/tracked_obstacle.h:24[m[K,
[0.507s]                  from [01m[K/home/trymte/Desktop/thecolavrepo/dev_ws/src/psbmpc_package/libs/psbmpc_lib/src/tracked_obstacle.cpp:20[m[K:
[0.507s] [01m[K/home/trymte/Desktop/thecolavrepo/dev_ws/src/psbmpc_package/libs/psbmpc_lib/include/cpu/utilities_cpu.h:25:10:[m[K [01;31m[Kfatal error: [m[KEigen/Dense: No such file or directory
[0.507s]    25 | #include [01;31m[K"Eigen/Dense"[m[K
[0.507s]       |          [01;31m[K^~~~~~~~~~~~~[m[K
[0.507s] compilation terminated.
[0.507s] make[2]: *** [libs/psbmpc_lib/CMakeFiles/psbmpc_lib.dir/build.make:225: libs/psbmpc_lib/CMakeFiles/psbmpc_lib.dir/src/tracked_obstacle.cpp.o] Error 1
[0.507s] In file included from [01m[K/home/trymte/Desktop/thecolavrepo/dev_ws/src/psbmpc_package/libs/psbmpc_lib/src/obstacle_manager.cpp:20[m[K:
[0.507s] [01m[K/home/trymte/Desktop/thecolavrepo/dev_ws/src/psbmpc_package/libs/psbmpc_lib/include/cpu/utilities_cpu.h:25:10:[m[K [01;31m[Kfatal error: [m[KEigen/Dense: No such file or directory
[0.507s]    25 | #include [01;31m[K"Eigen/Dense"[m[K
[0.508s]       |          [01;31m[K^~~~~~~~~~~~~[m[K
[0.508s] compilation terminated.
[0.508s] In file included from [01m[K/home/trymte/Desktop/thecolavrepo/dev_ws/src/psbmpc_package/libs/psbmpc_lib/include/tracked_obstacle.h:24[m[K,
[0.508s]                  from [01m[K/home/trymte/Desktop/thecolavrepo/dev_ws/src/psbmpc_package/libs/psbmpc_lib/include/cpu/prediction_obstacle_cpu.h:24[m[K,
[0.508s]                  from [01m[K/home/trymte/Desktop/thecolavrepo/dev_ws/src/psbmpc_package/libs/psbmpc_lib/include/joint_prediction_manager.h:25[m[K,
[0.508s]                  from [01m[K/home/trymte/Desktop/thecolavrepo/dev_ws/src/psbmpc_package/libs/psbmpc_lib/src/joint_prediction_manager.cpp:19[m[K:
[0.508s] [01m[K/home/trymte/Desktop/thecolavrepo/dev_ws/src/psbmpc_package/libs/psbmpc_lib/include/cpu/utilities_cpu.h:25:10:[m[K [01;31m[Kfatal error: [m[KEigen/Dense: No such file or directory
[0.508s]    25 | #include [01;31m[K"Eigen/Dense"[m[K
[0.508s]       |          [01;31m[K^~~~~~~~~~~~~[m[K
[0.508s] compilation terminated.
[0.508s] make[2]: *** [libs/psbmpc_lib/CMakeFiles/psbmpc_lib.dir/build.make:186: libs/psbmpc_lib/CMakeFiles/psbmpc_lib.dir/src/sbmpc.cpp.o] Error 1
[0.508s] In file included from [01m[K/home/trymte/Desktop/thecolavrepo/dev_ws/src/psbmpc_package/libs/psbmpc_lib/src/kf.cpp:23[m[K:
[0.508s] [01m[K/home/trymte/Desktop/thecolavrepo/dev_ws/src/psbmpc_package/libs/psbmpc_lib/include/kf.h:26:10:[m[K [01;31m[Kfatal error: [m[KEigen/Dense: No such file or directory
[0.508s]    26 | #include [01;31m[K"Eigen/Dense"[m[K
[0.508s]       |          [01;31m[K^~~~~~~~~~~~~[m[K
[0.508s] make[2]: *** [libs/psbmpc_lib/CMakeFiles/psbmpc_lib.dir/build.make:212: libs/psbmpc_lib/CMakeFiles/psbmpc_lib.dir/src/obstacle_manager.cpp.o] Error 1
[0.508s] compilation terminated.
[0.508s] make[2]: *** [libs/psbmpc_lib/CMakeFiles/psbmpc_lib.dir/build.make:199: libs/psbmpc_lib/CMakeFiles/psbmpc_lib.dir/src/joint_prediction_manager.cpp.o] Error 1
[0.508s] make[2]: *** [libs/psbmpc_lib/CMakeFiles/psbmpc_lib.dir/build.make:238: libs/psbmpc_lib/CMakeFiles/psbmpc_lib.dir/src/kf.cpp.o] Error 1
[0.508s] In file included from [01m[K/home/trymte/Desktop/thecolavrepo/dev_ws/src/psbmpc_package/libs/psbmpc_lib/src/mrou.cpp:21[m[K:
[0.508s] [01m[K/home/trymte/Desktop/thecolavrepo/dev_ws/src/psbmpc_package/libs/psbmpc_lib/include/mrou.h:24:10:[m[K [01;31m[Kfatal error: [m[KEigen/Dense: No such file or directory
[0.509s]    24 | #include [01;31m[K"Eigen/Dense"[m[K
[0.509s]       |          [01;31m[K^~~~~~~~~~~~~[m[K
[0.509s] compilation terminated.
[0.509s] make[2]: *** [libs/psbmpc_lib/CMakeFiles/psbmpc_lib.dir/build.make:251: libs/psbmpc_lib/CMakeFiles/psbmpc_lib.dir/src/mrou.cpp.o] Error 1
[0.532s] [01m[K/home/trymte/Desktop/thecolavrepo/dev_ws/src/psbmpc_package/libs/psbmpc_lib/src/shapefile_related/safileio.cpp:77:70:[m[K [01;35m[Kwarning: [m[Kextra â€˜[01m[K;[m[Kâ€™ [[01;35m[K-Wpedantic[m[K]
[0.532s]    77 | SHP_CVSID("$Id: safileio.c,v 1.6 2018-06-15 19:56:32 erouault Exp $")[01;35m[K;[m[K
[0.532s]       |                                                                      [01;35m[K^[m[K
[0.624s] make[1]: *** [CMakeFiles/Makefile2:198: libs/psbmpc_lib/CMakeFiles/psbmpc_lib.dir/all] Error 2
[0.624s] make: *** [Makefile:160: all] Error 2
[0.625s] Invoked command in '/home/trymte/Desktop/thecolavrepo/dev_ws/build/psbmpc_package' returned '2': CMAKE_PREFIX_PATH=${CMAKE_PREFIX_PATH}:/opt/ros/foxy /usr/local/bin/cmake --build /home/trymte/Desktop/thecolavrepo/dev_ws/build/psbmpc_package -- -j20 -l20
