-- Found ament_cmake: 0.9.8 (/opt/ros/foxy/share/ament_cmake/cmake)
-- Using PYTHON_EXECUTABLE: /usr/bin/python3
-- Found rclcpp: 2.3.0 (/opt/ros/foxy/share/rclcpp/cmake)
-- Using all available rosidl_typesupport_c: rosidl_typesupport_fastrtps_c;rosidl_typesupport_introspection_c
-- Found rosidl_adapter: 1.2.0 (/opt/ros/foxy/share/rosidl_adapter/cmake)
-- Using all available rosidl_typesupport_cpp: rosidl_typesupport_fastrtps_cpp;rosidl_typesupport_introspection_cpp
-- Found rmw_implementation_cmake: 1.0.2 (/opt/ros/foxy/share/rmw_implementation_cmake/cmake)
-- Using RMW implementation 'rmw_fastrtps_cpp' as default
-- Found psbmpc_interfaces: 0.0.0 (/home/trymte/Desktop/thecolavrepo/dev_ws/install/psbmpc_interfaces/share/psbmpc_interfaces/cmake)
-- Found ament_lint_auto: 0.9.6 (/opt/ros/foxy/share/ament_lint_auto/cmake)
-- Added test 'copyright' to check source files copyright and LICENSE
-- Added test 'cppcheck' to perform static code analysis on C / C++ code
-- Configured cppcheck include dirs: $<BUILD_INTERFACE:/home/trymte/Desktop/thecolavrepo/dev_ws/src/psbmpc_package/include>;/home/trymte/Desktop/thecolavrepo/dev_ws/src/psbmpc_package/libs/
-- Configured cppcheck exclude dirs and/or files: 
-- Added test 'cpplint' to check C / C++ code against the Google style
-- Configured cpplint exclude dirs and/or files: 
-- Added test 'lint_cmake' to check CMake code style
-- Added test 'uncrustify' to check C / C++ code style
-- Configured uncrustify additional arguments: 
-- Added test 'xmllint' to check XML markup files
-- Configuring done
-- Generating done
-- Build files have been written to: /home/trymte/Desktop/thecolavrepo/dev_ws/build/psbmpc_package
[ 89%] Built target psbmpc_lib
[ 94%] [32mBuilding CXX object CMakeFiles/psbmpc_node.dir/src/psbmpc_node.cpp.o[0m
In file included from [01m[K/home/trymte/Desktop/thecolavrepo/dev_ws/src/psbmpc_package/src/psbmpc_node.cpp:21[m[K:
[01m[K/home/trymte/Desktop/thecolavrepo/dev_ws/src/psbmpc_package/include/psbmpc_node.h:24:10:[m[K [01;31m[Kfatal error: [m[Kpsbmpc_interfaces/Trajectory2D.hpp: No such file or directory
   24 | #include [01;31m[K"psbmpc_interfaces/Trajectory2D.hpp"[m[K
      |          [01;31m[K^~~~~~~~~~~~~~~~~~~~~~~~~~~~~~~~~~~~[m[K
compilation terminated.
make[2]: *** [CMakeFiles/psbmpc_node.dir/build.make:82: CMakeFiles/psbmpc_node.dir/src/psbmpc_node.cpp.o] Error 1
make[1]: *** [CMakeFiles/Makefile2:117: CMakeFiles/psbmpc_node.dir/all] Error 2
make: *** [Makefile:160: all] Error 2
