[0.006s] Invoking command in '/home/trymte/Desktop/thecolavrepo/dev_ws/build/psbmpc_package': CMAKE_PREFIX_PATH=${CMAKE_PREFIX_PATH}:/opt/ros/foxy /usr/local/bin/cmake --build /home/trymte/Desktop/thecolavrepo/dev_ws/build/psbmpc_package -- -j20 -l20
[0.014s] -- Found ament_cmake: 0.9.8 (/opt/ros/foxy/share/ament_cmake/cmake)
[0.027s] -- Using PYTHON_EXECUTABLE: /usr/bin/python3
[0.155s] -- Found rclcpp: 2.3.0 (/opt/ros/foxy/share/rclcpp/cmake)
[0.174s] -- Using all available rosidl_typesupport_c: rosidl_typesupport_fastrtps_c;rosidl_typesupport_introspection_c
[0.175s] -- Found rosidl_adapter: 1.2.0 (/opt/ros/foxy/share/rosidl_adapter/cmake)
[0.242s] -- Using all available rosidl_typesupport_cpp: rosidl_typesupport_fastrtps_cpp;rosidl_typesupport_introspection_cpp
[0.267s] -- Found rmw_implementation_cmake: 1.0.2 (/opt/ros/foxy/share/rmw_implementation_cmake/cmake)
[0.268s] -- Using RMW implementation 'rmw_fastrtps_cpp' as default
[0.343s] -- Found psbmpc_interfaces: 0.0.0 (/home/trymte/Desktop/thecolavrepo/dev_ws/install/psbmpc_interfaces/share/psbmpc_interfaces/cmake)
[0.402s] -- Found ament_lint_auto: 0.9.6 (/opt/ros/foxy/share/ament_lint_auto/cmake)
[0.440s] -- Added test 'copyright' to check source files copyright and LICENSE
[0.447s] -- Added test 'cppcheck' to perform static code analysis on C / C++ code
[0.447s] -- Configured cppcheck include dirs: $<BUILD_INTERFACE:/home/trymte/Desktop/thecolavrepo/dev_ws/src/psbmpc_package/include>;/home/trymte/Desktop/thecolavrepo/dev_ws/src/psbmpc_package/libs/
[0.447s] -- Configured cppcheck exclude dirs and/or files: 
[0.453s] -- Added test 'cpplint' to check C / C++ code against the Google style
[0.453s] -- Configured cpplint exclude dirs and/or files: 
[0.456s] -- Added test 'lint_cmake' to check CMake code style
[0.464s] -- Added test 'uncrustify' to check C / C++ code style
[0.464s] -- Configured uncrustify additional arguments: 
[0.465s] -- Added test 'xmllint' to check XML markup files
[0.465s] -- Configuring done
[0.474s] -- Generating done
[0.475s] -- Build files have been written to: /home/trymte/Desktop/thecolavrepo/dev_ws/build/psbmpc_package
[0.499s] [ 89%] Built target psbmpc_lib
[0.507s] [ 94%] [32mBuilding CXX object CMakeFiles/psbmpc_node.dir/src/psbmpc_node.cpp.o[0m
[0.576s] In file included from [01m[K/home/trymte/Desktop/thecolavrepo/dev_ws/src/psbmpc_package/src/psbmpc_node.cpp:21[m[K:
[0.576s] [01m[K/home/trymte/Desktop/thecolavrepo/dev_ws/src/psbmpc_package/include/psbmpc_node.h:24:10:[m[K [01;31m[Kfatal error: [m[Kpsbmpc_interfaces/Trajectory2D.hpp: No such file or directory
[0.576s]    24 | #include [01;31m[K"psbmpc_interfaces/Trajectory2D.hpp"[m[K
[0.576s]       |          [01;31m[K^~~~~~~~~~~~~~~~~~~~~~~~~~~~~~~~~~~~[m[K
[0.576s] compilation terminated.
[0.577s] make[2]: *** [CMakeFiles/psbmpc_node.dir/build.make:82: CMakeFiles/psbmpc_node.dir/src/psbmpc_node.cpp.o] Error 1
[0.577s] make[1]: *** [CMakeFiles/Makefile2:117: CMakeFiles/psbmpc_node.dir/all] Error 2
[0.577s] make: *** [Makefile:160: all] Error 2
[0.578s] Invoked command in '/home/trymte/Desktop/thecolavrepo/dev_ws/build/psbmpc_package' returned '2': CMAKE_PREFIX_PATH=${CMAKE_PREFIX_PATH}:/opt/ros/foxy /usr/local/bin/cmake --build /home/trymte/Desktop/thecolavrepo/dev_ws/build/psbmpc_package -- -j20 -l20
