-- Found ament_cmake: 0.9.8 (/opt/ros/foxy/share/ament_cmake/cmake)
-- Using PYTHON_EXECUTABLE: /usr/bin/python3
-- Found rclcpp: 2.3.0 (/opt/ros/foxy/share/rclcpp/cmake)
-- Using all available rosidl_typesupport_c: rosidl_typesupport_fastrtps_c;rosidl_typesupport_introspection_c
-- Found rosidl_adapter: 1.2.0 (/opt/ros/foxy/share/rosidl_adapter/cmake)
-- Using all available rosidl_typesupport_cpp: rosidl_typesupport_fastrtps_cpp;rosidl_typesupport_introspection_cpp
-- Found rmw_implementation_cmake: 1.0.2 (/opt/ros/foxy/share/rmw_implementation_cmake/cmake)
-- Using RMW implementation 'rmw_fastrtps_cpp' as default
-- Found psbmpc_interfaces: 0.0.0 (/home/trymte/Desktop/thecolavrepo/dev_ws/install/psbmpc_interfaces/share/psbmpc_interfaces/cmake)
-- Found ament_lint_auto: 0.9.6 (/opt/ros/foxy/share/ament_lint_auto/cmake)
-- Added test 'copyright' to check source files copyright and LICENSE
-- Added test 'cppcheck' to perform static code analysis on C / C++ code
-- Configured cppcheck include dirs: /home/trymte/Desktop/thecolavrepo/dev_ws/src/psbmpc_package/$<BUILD_INTERFACE:/home/trymte/Desktop/thecolavrepo/dev_ws/src/psbmpc_package/include;/home/trymte/Desktop/thecolavrepo/dev_ws/src/psbmpc_package/libs>
-- Configured cppcheck exclude dirs and/or files: 
-- Added test 'cpplint' to check C / C++ code against the Google style
-- Configured cpplint exclude dirs and/or files: 
-- Added test 'lint_cmake' to check CMake code style
-- Added test 'uncrustify' to check C / C++ code style
-- Configured uncrustify additional arguments: 
-- Added test 'xmllint' to check XML markup files
-- Configuring done
-- Generating done
-- Build files have been written to: /home/trymte/Desktop/thecolavrepo/dev_ws/build/psbmpc_package
[35m[1mScanning dependencies of target psbmpc_lib[0m
[  5%] [32mBuilding CXX object libs/psbmpc_lib/CMakeFiles/psbmpc_lib.dir/src/cpu/psbmpc_cpu.cpp.o[0m
[ 10%] [32mBuilding CXX object libs/psbmpc_lib/CMakeFiles/psbmpc_lib.dir/src/cpu/cpe_cpu.cpp.o[0m
[ 15%] [32mBuilding CXX object libs/psbmpc_lib/CMakeFiles/psbmpc_lib.dir/src/cpu/kinetic_ship_models_cpu.cpp.o[0m
[ 21%] [32mBuilding CXX object libs/psbmpc_lib/CMakeFiles/psbmpc_lib.dir/src/cpu/kinematic_ship_models_cpu.cpp.o[0m
[ 26%] [32mBuilding CXX object libs/psbmpc_lib/CMakeFiles/psbmpc_lib.dir/src/cpu/obstacle_sbmpc_cpu.cpp.o[0m
[ 31%] [32mBuilding CXX object libs/psbmpc_lib/CMakeFiles/psbmpc_lib.dir/src/cpu/prediction_obstacle_cpu.cpp.o[0m
[ 36%] [32mBuilding CXX object libs/psbmpc_lib/CMakeFiles/psbmpc_lib.dir/src/psbmpc_parameters.cpp.o[0m
[ 42%] [32mBuilding CXX object libs/psbmpc_lib/CMakeFiles/psbmpc_lib.dir/src/sbmpc_parameters.cpp.o[0m
[ 47%] [32mBuilding CXX object libs/psbmpc_lib/CMakeFiles/psbmpc_lib.dir/src/sbmpc.cpp.o[0m
[ 57%] [32mBuilding CXX object libs/psbmpc_lib/CMakeFiles/psbmpc_lib.dir/src/obstacle_manager.cpp.o[0m
[ 57%] [32mBuilding CXX object libs/psbmpc_lib/CMakeFiles/psbmpc_lib.dir/src/joint_prediction_manager.cpp.o[0m
[ 63%] [32mBuilding CXX object libs/psbmpc_lib/CMakeFiles/psbmpc_lib.dir/src/tracked_obstacle.cpp.o[0m
[ 68%] [32mBuilding CXX object libs/psbmpc_lib/CMakeFiles/psbmpc_lib.dir/src/kf.cpp.o[0m
[ 73%] [32mBuilding CXX object libs/psbmpc_lib/CMakeFiles/psbmpc_lib.dir/src/mrou.cpp.o[0m
[ 84%] [32mBuilding CXX object libs/psbmpc_lib/CMakeFiles/psbmpc_lib.dir/src/shapefile_related/shpopen.cpp.o[0m
[ 84%] [32mBuilding CXX object libs/psbmpc_lib/CMakeFiles/psbmpc_lib.dir/src/shapefile_related/safileio.cpp.o[0m
In file included from [01m[K/home/trymte/Desktop/thecolavrepo/dev_ws/src/psbmpc_package/libs/psbmpc_lib/src/cpu/obstacle_sbmpc_cpu.cpp:21[m[K:
[01m[K/home/trymte/Desktop/thecolavrepo/dev_ws/src/psbmpc_package/libs/psbmpc_lib/include/cpu/utilities_cpu.h:25:10:[m[K [01;31m[Kfatal error: [m[KEigen/Dense: No such file or directory
   25 | #include [01;31m[K"Eigen/Dense"[m[K
      |          [01;31m[K^~~~~~~~~~~~~[m[K
compilation terminated.
In file included from [01m[K/home/trymte/Desktop/thecolavrepo/dev_ws/src/psbmpc_package/libs/psbmpc_lib/src/cpu/psbmpc_cpu.cpp:20[m[K:
[01m[K/home/trymte/Desktop/thecolavrepo/dev_ws/src/psbmpc_package/libs/psbmpc_lib/include/cpu/utilities_cpu.h:25:10:[m[K [01;31m[Kfatal error: [m[KEigen/Dense: No such file or directory
   25 | #include [01;31m[K"Eigen/Dense"[m[K
      |          [01;31m[K^~~~~~~~~~~~~[m[K
compilation terminated.
In file included from [01m[K/home/trymte/Desktop/thecolavrepo/dev_ws/src/psbmpc_package/libs/psbmpc_lib/src/cpu/kinetic_ship_models_cpu.cpp:22[m[K:
[01m[K/home/trymte/Desktop/thecolavrepo/dev_ws/src/psbmpc_package/libs/psbmpc_lib/include/cpu/utilities_cpu.h:25:10:[m[K [01;31m[Kfatal error: [m[KEigen/Dense: No such file or directory
   25 | #include [01;31m[K"Eigen/Dense"[m[K
      |          [01;31m[K^~~~~~~~~~~~~[m[K
compilation terminated.
In file included from [01m[K/home/trymte/Desktop/thecolavrepo/dev_ws/src/psbmpc_package/libs/psbmpc_lib/include/tracked_obstacle.h:24[m[K,
                 from [01m[K/home/trymte/Desktop/thecolavrepo/dev_ws/src/psbmpc_package/libs/psbmpc_lib/include/cpu/prediction_obstacle_cpu.h:24[m[K,
                 from [01m[K/home/trymte/Desktop/thecolavrepo/dev_ws/src/psbmpc_package/libs/psbmpc_lib/src/cpu/prediction_obstacle_cpu.cpp:23[m[K:
[01m[K/home/trymte/Desktop/thecolavrepo/dev_ws/src/psbmpc_package/libs/psbmpc_lib/include/cpu/utilities_cpu.h:25:10:[m[K [01;31m[Kfatal error: [m[KEigen/Dense: No such file or directory
   25 | #include [01;31m[K"Eigen/Dense"[m[K
      |          [01;31m[K^~~~~~~~~~~~~[m[K
compilation terminated.
In file included from [01m[K/home/trymte/Desktop/thecolavrepo/dev_ws/src/psbmpc_package/libs/psbmpc_lib/include/cpu/cpe_cpu.h:26[m[K,
                 from [01m[K/home/trymte/Desktop/thecolavrepo/dev_ws/src/psbmpc_package/libs/psbmpc_lib/src/cpu/cpe_cpu.cpp:21[m[K:
[01m[K/home/trymte/Desktop/thecolavrepo/dev_ws/src/psbmpc_package/libs/psbmpc_lib/include/psbmpc_parameters.h:24:10:[m[K [01;31m[Kfatal error: [m[KEigen/Dense: No such file or directory
   24 | #include [01;31m[K"Eigen/Dense"[m[K
      |          [01;31m[K^~~~~~~~~~~~~[m[K
compilation terminated.
In file included from [01m[K/home/trymte/Desktop/thecolavrepo/dev_ws/src/psbmpc_package/libs/psbmpc_lib/src/cpu/kinematic_ship_models_cpu.cpp:21[m[K:
[01m[K/home/trymte/Desktop/thecolavrepo/dev_ws/src/psbmpc_package/libs/psbmpc_lib/include/cpu/utilities_cpu.h:25:10:[m[K [01;31m[Kfatal error: [m[KEigen/Dense: No such file or directory
   25 | #include [01;31m[K"Eigen/Dense"[m[K
      |          [01;31m[K^~~~~~~~~~~~~[m[K
compilation terminated.
In file included from [01m[K/home/trymte/Desktop/thecolavrepo/dev_ws/src/psbmpc_package/libs/psbmpc_lib/src/sbmpc.cpp:20[m[K:
[01m[K/home/trymte/Desktop/thecolavrepo/dev_ws/src/psbmpc_package/libs/psbmpc_lib/include/cpu/utilities_cpu.h:25:10:[m[K [01;31m[Kfatal error: [m[KEigen/Dense: No such file or directory
   25 | #include [01;31m[K"Eigen/Dense"[m[K
      |          [01;31m[K^~~~~~~~~~~~~[m[K
compilation terminated.
make[2]: *** [libs/psbmpc_lib/CMakeFiles/psbmpc_lib.dir/build.make:82: libs/psbmpc_lib/CMakeFiles/psbmpc_lib.dir/src/cpu/psbmpc_cpu.cpp.o] Error 1
make[2]: *** Waiting for unfinished jobs....
make[2]: *** [libs/psbmpc_lib/CMakeFiles/psbmpc_lib.dir/build.make:95: libs/psbmpc_lib/CMakeFiles/psbmpc_lib.dir/src/cpu/cpe_cpu.cpp.o] Error 1
make[2]: *** [libs/psbmpc_lib/CMakeFiles/psbmpc_lib.dir/build.make:108: libs/psbmpc_lib/CMakeFiles/psbmpc_lib.dir/src/cpu/kinetic_ship_models_cpu.cpp.o] Error 1
make[2]: *** [libs/psbmpc_lib/CMakeFiles/psbmpc_lib.dir/build.make:121: libs/psbmpc_lib/CMakeFiles/psbmpc_lib.dir/src/cpu/kinematic_ship_models_cpu.cpp.o] Error 1
make[2]: *** [libs/psbmpc_lib/CMakeFiles/psbmpc_lib.dir/build.make:134: libs/psbmpc_lib/CMakeFiles/psbmpc_lib.dir/src/cpu/obstacle_sbmpc_cpu.cpp.o] Error 1
make[2]: *** [libs/psbmpc_lib/CMakeFiles/psbmpc_lib.dir/build.make:147: libs/psbmpc_lib/CMakeFiles/psbmpc_lib.dir/src/cpu/prediction_obstacle_cpu.cpp.o] Error 1
make[2]: *** [libs/psbmpc_lib/CMakeFiles/psbmpc_lib.dir/build.make:186: libs/psbmpc_lib/CMakeFiles/psbmpc_lib.dir/src/sbmpc.cpp.o] Error 1
In file included from [01m[K/home/trymte/Desktop/thecolavrepo/dev_ws/src/psbmpc_package/libs/psbmpc_lib/src/psbmpc_parameters.cpp:21[m[K:
[01m[K/home/trymte/Desktop/thecolavrepo/dev_ws/src/psbmpc_package/libs/psbmpc_lib/include/psbmpc_parameters.h:24:10:[m[K [01;31m[Kfatal error: [m[KEigen/Dense: No such file or directory
   24 | #include [01;31m[K"Eigen/Dense"[m[K
      |          [01;31m[K^~~~~~~~~~~~~[m[K
compilation terminated.
In file included from [01m[K/home/trymte/Desktop/thecolavrepo/dev_ws/src/psbmpc_package/libs/psbmpc_lib/include/tracked_obstacle.h:24[m[K,
                 from [01m[K/home/trymte/Desktop/thecolavrepo/dev_ws/src/psbmpc_package/libs/psbmpc_lib/src/tracked_obstacle.cpp:20[m[K:
[01m[K/home/trymte/Desktop/thecolavrepo/dev_ws/src/psbmpc_package/libs/psbmpc_lib/include/cpu/utilities_cpu.h:25:10:[m[K [01;31m[Kfatal error: [m[KEigen/Dense: No such file or directory
   25 | #include [01;31m[K"Eigen/Dense"[m[K
      |          [01;31m[K^~~~~~~~~~~~~[m[K
compilation terminated.
make[2]: *** [libs/psbmpc_lib/CMakeFiles/psbmpc_lib.dir/build.make:160: libs/psbmpc_lib/CMakeFiles/psbmpc_lib.dir/src/psbmpc_parameters.cpp.o] Error 1
make[2]: *** [libs/psbmpc_lib/CMakeFiles/psbmpc_lib.dir/build.make:225: libs/psbmpc_lib/CMakeFiles/psbmpc_lib.dir/src/tracked_obstacle.cpp.o] Error 1
In file included from [01m[K/home/trymte/Desktop/thecolavrepo/dev_ws/src/psbmpc_package/libs/psbmpc_lib/src/obstacle_manager.cpp:20[m[K:
[01m[K/home/trymte/Desktop/thecolavrepo/dev_ws/src/psbmpc_package/libs/psbmpc_lib/include/cpu/utilities_cpu.h:25:10:[m[K [01;31m[Kfatal error: [m[KEigen/Dense: No such file or directory
   25 | #include [01;31m[K"Eigen/Dense"[m[K
      |          [01;31m[K^~~~~~~~~~~~~[m[K
compilation terminated.
In file included from [01m[K/home/trymte/Desktop/thecolavrepo/dev_ws/src/psbmpc_package/libs/psbmpc_lib/include/sbmpc_parameters.h:23[m[K,
                 from [01m[K/home/trymte/Desktop/thecolavrepo/dev_ws/src/psbmpc_package/libs/psbmpc_lib/src/sbmpc_parameters.cpp:22[m[K:
[01m[K/home/trymte/Desktop/thecolavrepo/dev_ws/src/psbmpc_package/libs/psbmpc_lib/include/psbmpc_parameters.h:24:10:[m[K [01;31m[Kfatal error: [m[KEigen/Dense: No such file or directory
   24 | #include [01;31m[K"Eigen/Dense"[m[K
      |          [01;31m[K^~~~~~~~~~~~~[m[K
compilation terminated.
In file included from [01m[K/home/trymte/Desktop/thecolavrepo/dev_ws/src/psbmpc_package/libs/psbmpc_lib/src/mrou.cpp:21[m[K:
[01m[K/home/trymte/Desktop/thecolavrepo/dev_ws/src/psbmpc_package/libs/psbmpc_lib/include/mrou.h:24:10:[m[K [01;31m[Kfatal error: [m[KEigen/Dense: No such file or directory
   24 | #include [01;31m[K"Eigen/Dense"[m[K
      |          [01;31m[K^~~~~~~~~~~~~[m[K
compilation terminated.
In file included from [01m[K/home/trymte/Desktop/thecolavrepo/dev_ws/src/psbmpc_package/libs/psbmpc_lib/src/kf.cpp:23[m[K:
[01m[K/home/trymte/Desktop/thecolavrepo/dev_ws/src/psbmpc_package/libs/psbmpc_lib/include/kf.h:26:10:[m[K [01;31m[Kfatal error: [m[KEigen/Dense: No such file or directory
   26 | #include [01;31m[K"Eigen/Dense"[m[K
      |          [01;31m[K^~~~~~~~~~~~~[m[K
compilation terminated.
make[2]: *** [libs/psbmpc_lib/CMakeFiles/psbmpc_lib.dir/build.make:212: libs/psbmpc_lib/CMakeFiles/psbmpc_lib.dir/src/obstacle_manager.cpp.o] Error 1
In file included from [01m[K/home/trymte/Desktop/thecolavrepo/dev_ws/src/psbmpc_package/libs/psbmpc_lib/include/tracked_obstacle.h:24[m[K,
                 from [01m[K/home/trymte/Desktop/thecolavrepo/dev_ws/src/psbmpc_package/libs/psbmpc_lib/include/cpu/prediction_obstacle_cpu.h:24[m[K,
                 from [01m[K/home/trymte/Desktop/thecolavrepo/dev_ws/src/psbmpc_package/libs/psbmpc_lib/include/joint_prediction_manager.h:25[m[K,
                 from [01m[K/home/trymte/Desktop/thecolavrepo/dev_ws/src/psbmpc_package/libs/psbmpc_lib/src/joint_prediction_manager.cpp:19[m[K:
[01m[K/home/trymte/Desktop/thecolavrepo/dev_ws/src/psbmpc_package/libs/psbmpc_lib/include/cpu/utilities_cpu.h:25:10:[m[K [01;31m[Kfatal error: [m[KEigen/Dense: No such file or directory
   25 | #include [01;31m[K"Eigen/Dense"[m[K
      |          [01;31m[K^~~~~~~~~~~~~[m[K
compilation terminated.
make[2]: *** [libs/psbmpc_lib/CMakeFiles/psbmpc_lib.dir/build.make:173: libs/psbmpc_lib/CMakeFiles/psbmpc_lib.dir/src/sbmpc_parameters.cpp.o] Error 1
make[2]: *** [libs/psbmpc_lib/CMakeFiles/psbmpc_lib.dir/build.make:238: libs/psbmpc_lib/CMakeFiles/psbmpc_lib.dir/src/kf.cpp.o] Error 1
make[2]: *** [libs/psbmpc_lib/CMakeFiles/psbmpc_lib.dir/build.make:251: libs/psbmpc_lib/CMakeFiles/psbmpc_lib.dir/src/mrou.cpp.o] Error 1
make[2]: *** [libs/psbmpc_lib/CMakeFiles/psbmpc_lib.dir/build.make:199: libs/psbmpc_lib/CMakeFiles/psbmpc_lib.dir/src/joint_prediction_manager.cpp.o] Error 1
[01m[K/home/trymte/Desktop/thecolavrepo/dev_ws/src/psbmpc_package/libs/psbmpc_lib/src/shapefile_related/safileio.cpp:77:70:[m[K [01;35m[Kwarning: [m[Kextra â€˜[01m[K;[m[Kâ€™ [[01;35m[K-Wpedantic[m[K]
   77 | SHP_CVSID("$Id: safileio.c,v 1.6 2018-06-15 19:56:32 erouault Exp $")[01;35m[K;[m[K
      |                                                                      [01;35m[K^[m[K
make[1]: *** [CMakeFiles/Makefile2:198: libs/psbmpc_lib/CMakeFiles/psbmpc_lib.dir/all] Error 2
make: *** [Makefile:160: all] Error 2
